PLINK v2.00a2.3LM AVX2 Intel (24 Jan 2020)
Options in effect:
  --allow-extra-chr
  --make-bed
  --max-alleles 2
  --out new
  --vcf ndama_chrome_10.vcf

Hostname: drabble
Working directory: /home/ejmctavish/Desktop/Lab/Joseline/SummerGenomics
Start time: Tue Jul 21 12:42:26 2020

Random number seed: 1595360546
15869 MiB RAM detected; reserving 7934 MiB for main workspace.
Using up to 4 compute threads.
--vcf: 49999 variants scanned.
--vcf: new-temporary.pgen + new-temporary.pvar + new-temporary.psam written.
4 samples (0 females, 0 males, 4 ambiguous; 4 founders) loaded from
new-temporary.psam.
49534 out of 49999 variants loaded from new-temporary.pvar.
Note: No phenotype data present.
49534 variants remaining after main filters.
Writing new.fam ... done.
Writing new.bim ... done.
Writing new.bed ... done.

End time: Tue Jul 21 12:42:26 2020
